<?xml version="1.0" encoding="utf-8"?><testsuites name="pytest tests"><testsuite name="pytest" errors="0" failures="0" skipped="0" tests="14" time="8.795" timestamp="2026-02-26T15:15:38.340085+00:00" hostname="agent-env-b88e57d8-0778-46f8-9141-edf9d3c7fc80"><testcase classname="backend.tests.test_ai_toggle_chat_test.TestAuth" name="test_auth_me" time="0.361" /><testcase classname="backend.tests.test_ai_toggle_chat_test.TestStats" name="test_stats_has_ai_enabled" time="0.079" /><testcase classname="backend.tests.test_ai_toggle_chat_test.TestStats" name="test_stats_has_expected_fields" time="0.083" /><testcase classname="backend.tests.test_ai_toggle_chat_test.TestAiToggle" name="test_ai_toggle_returns_ai_enabled" time="0.102" /><testcase classname="backend.tests.test_ai_toggle_chat_test.TestAiToggle" name="test_ai_toggle_flips_state" time="0.235" /><testcase classname="backend.tests.test_ai_toggle_chat_test.TestAiToggle" name="test_ai_toggle_persists_in_stats" time="0.206" /><testcase classname="backend.tests.test_ai_toggle_chat_test.TestChatTestMessages" name="test_get_messages_returns_list" time="0.074" /><testcase classname="backend.tests.test_ai_toggle_chat_test.TestChatTestMessages" name="test_messages_have_expected_fields" time="0.109" /><testcase classname="backend.tests.test_ai_toggle_chat_test.TestClearTestMessages" name="test_delete_clears_messages" time="2.087" /><testcase classname="backend.tests.test_ai_toggle_chat_test.TestChatTestSend" name="test_send_message_response_structure" time="1.244" /><testcase classname="backend.tests.test_ai_toggle_chat_test.TestChatTestSend" name="test_send_message_persists_in_messages" time="1.067" /><testcase classname="backend.tests.test_ai_toggle_chat_test.TestChatTestSend" name="test_booking_detection" time="0.214" /><testcase classname="backend.tests.test_ai_toggle_chat_test.TestChatTestSend" name="test_multi_turn_conversation" time="2.787" /><testcase classname="backend.tests.test_ai_toggle_chat_test.TestChatTestSend" name="test_clear_after_tests" time="0.077" /></testsuite></testsuites>