<?xml version="1.0" encoding="utf-8"?><testsuites name="pytest tests"><testsuite name="pytest" errors="0" failures="0" skipped="0" tests="16" time="2.632" timestamp="2026-02-26T12:58:02.411343+00:00" hostname="agent-env-b88e57d8-0778-46f8-9141-edf9d3c7fc80"><testcase classname="backend.tests.test_workflow_takeover.TestAuth" name="test_auth_me_no_auth" time="0.285" /><testcase classname="backend.tests.test_workflow_takeover.TestAuth" name="test_auth_me_with_bearer" time="0.151" /><testcase classname="backend.tests.test_workflow_takeover.TestWorkflow" name="test_workflow_get_unauthenticated" time="0.139" /><testcase classname="backend.tests.test_workflow_takeover.TestWorkflow" name="test_workflow_get_authenticated" time="0.186" /><testcase classname="backend.tests.test_workflow_takeover.TestWorkflow" name="test_workflow_post_authenticated" time="0.181" /><testcase classname="backend.tests.test_workflow_takeover.TestWorkflow" name="test_workflow_save_then_get" time="0.228" /><testcase classname="backend.tests.test_workflow_takeover.TestTakeover" name="test_takeover_unauthenticated" time="0.096" /><testcase classname="backend.tests.test_workflow_takeover.TestTakeover" name="test_takeover_set_active" time="0.121" /><testcase classname="backend.tests.test_workflow_takeover.TestTakeover" name="test_takeover_release" time="0.281" /><testcase classname="backend.tests.test_workflow_takeover.TestTakeover" name="test_get_takeover_status" time="0.127" /><testcase classname="backend.tests.test_workflow_takeover.TestConversations" name="test_conversations_get_unauthenticated" time="0.145" /><testcase classname="backend.tests.test_workflow_takeover.TestConversations" name="test_conversations_get_authenticated" time="0.153" /><testcase classname="backend.tests.test_workflow_takeover.TestBotActions" name="test_actions_get_unauthenticated" time="0.116" /><testcase classname="backend.tests.test_workflow_takeover.TestBotActions" name="test_actions_get_authenticated" time="0.127" /><testcase classname="backend.tests.test_workflow_takeover.TestIntegrations" name="test_gmail_status_authenticated" time="0.122" /><testcase classname="backend.tests.test_workflow_takeover.TestIntegrations" name="test_sheets_get_authenticated" time="0.106" /></testsuite></testsuites>